#
# A fatal error has been detected by the Java Runtime Environment:
#
#  EXCEPTION_ACCESS_VIOLATION (0xc0000005) at pc=0x0000018ad3ceadf8, pid=4748, tid=10304
#
# JRE version: OpenJDK Runtime Environment (11.0.11+9) (build 11.0.11+9-b60-7590822)
# Java VM: OpenJDK 64-Bit Server VM (11.0.11+9-b60-7590822, mixed mode, tiered, compressed oops, g1 gc, windows-amd64)
# Problematic frame:
# C  0x0000018ad3ceadf8
#
# No core dump will be written. Minidumps are not enabled by default on client versions of Windows
#
# If you would like to submit a bug report, please visit:
#   https://bugreport.java.com/bugreport/crash.jsp
#

---------------  S U M M A R Y ------------

Command Line: --add-opens=java.base/java.util=ALL-UNNAMED --add-opens=java.base/java.lang=ALL-UNNAMED --add-opens=java.base/java.lang.invoke=ALL-UNNAMED --add-opens=java.base/java.util=ALL-UNNAMED --add-opens=java.prefs/java.util.prefs=ALL-UNNAMED --add-opens=java.prefs/java.util.prefs=ALL-UNNAMED --add-opens=java.base/java.nio.charset=ALL-UNNAMED --add-opens=java.base/java.net=ALL-UNNAMED --add-opens=java.base/java.util.concurrent.atomic=ALL-UNNAMED -Xmx2048m -Dfile.encoding=UTF-8 -Duser.country=US -Duser.language=en -Duser.variant org.gradle.launcher.daemon.bootstrap.GradleDaemon 7.2

Host: Intel(R) Core(TM) i5-4200U CPU @ 1.60GHz, 4 cores, 7G,  Windows 10 , 64 bit Build 19041 (10.0.19041.1)
Time: Sat Feb  5 18:50:43 2022 SE Asia Standard Time elapsed time: 21.421947 seconds (0d 0h 0m 21s)

---------------  T H R E A D  ---------------

Current thread (0x0000018accbfe800):  JavaThread "C2 CompilerThread0" daemon [_thread_in_native, id=10304, stack(0x000000745c200000,0x000000745c300000)]


Current CompileTask:
C2:  21422 6270       4       org.objectweb.asm.MethodWriter::computeAllFrames (510 bytes)

Stack: [0x000000745c200000,0x000000745c300000],  sp=0x000000745c2fbd98,  free space=1007k
Native frames: (J=compiled Java code, j=interpreted, Vv=VM code, C=native code)
C  0x0000018ad3ceadf8


siginfo: EXCEPTION_ACCESS_VIOLATION (0xc0000005), data execution prevention violation at address 0x0000018ad3ceadf8


Register to memory mapping:

RIP=0x0000018ad3ceadf8 points into unknown readable memory: 0x00007ffeac227eb0 | b0 7e 22 ac fe 7f 00 00
RAX=0x0000018ad4152e90 points into unknown readable memory: 0x0000000000000000 | 00 00 00 00 00 00 00 00
RBX=0x0000000000000001 is an unknown value
RCX=0x0000018ad4152e30 points into unknown readable memory: 0x0000018ad4152e90 | 90 2e 15 d4 8a 01 00 00
RDX=0x0 is NULL
RSP=0x000000745c2fbd98 is pointing into the stack for thread: 0x0000018accbfe800
RBP=0xffffffffffffffff is an unknown value
RSI=0x000000745c2fc2a0 is pointing into the stack for thread: 0x0000018accbfe800
RDI=0x0000000000000001 is an unknown value
R8 =
[error occurred during error reporting (printing register info), id 0xc0000005, EXCEPTION_ACCESS_VIOLATION (0xc0000005) at pc=0x00007ffeabd1abc7]

Registers:
RAX=0x0000018ad4152e90, RBX=0x0000000000000001, RCX=0x0000018ad4152e30, RDX=0x0000000000000000
RSP=0x000000745c2fbd98, RBP=0xffffffffffffffff, RSI=0x000000745c2fc2a0, RDI=0x0000000000000001
R8 =0x00000000ffffffff, R9 =0x0000000000000000, R10=0x0000018ad437c280, R11=0x000000000000001a
R12=0x0000000000000001, R13=0x0000000000000001, R14=0x0000018ad4152e30, R15=0x0000018ad2fc5c38
RIP=0x0000018ad3ceadf8, EFLAGS=0x0000000000010202

Top of Stack: (sp=0x000000745c2fbd98)
0x000000745c2fbd98:   00007ffeabbdb32d 0000018ad437c1f0
0x000000745c2fbda8:   0000018ad437c228 0000018ad4312250
0x000000745c2fbdb8:   00007ffeac3d0550 000003a400000013
0x000000745c2fbdc8:   0000000000000001 0000018ad2fc5c38
0x000000745c2fbdd8:   0000000000000000 0000000000000000
0x000000745c2fbde8:   0000000000000000 000000000000136d
0x000000745c2fbdf8:   0000018ad30a0300 0000018ad30a0310
0x000000745c2fbe08:   0000000000000008 00000000000003d8
0x000000745c2fbe18:   000000745c2fbf40 0000000000000000
0x000000745c2fbe28:   000000745c2fc388 000000745c2fc2a0
0x000000745c2fbe38:   00007ffeabbd8766 000000745c2fc2a0
0x000000745c2fbe48:   000000745c2fbf01 000000745c2fc300
0x000000745c2fbe58:   0000018affffffff 000000745c2fbf00
0x000000745c2fbe68:   00007ffeabd61be4 00007ffe00000006
0x000000745c2fbe78:   0000018ad30a0300 0000018acfea4010
0x000000745c2fbe88:   0000018acfea7040 0000018acfeabff8 

Instructions: (pc=0x0000018ad3ceadf8)
0x0000018ad3ceacf8:   58 ad ce d3 8a 01 00 00 03 00 00 00 03 00 00 00
0x0000018ad3cead08:   01 00 00 00 04 00 00 00 a3 12 00 00 0c 00 00 00
0x0000018ad3cead18:   00 10 9b cf 8a 01 00 00 f8 60 c1 cc 8a 01 00 00
0x0000018ad3cead28:   10 b4 d6 cf 8a 01 00 00 ff ff ff ff ff ff ff ff
0x0000018ad3cead38:   01 00 00 00 00 6c ca 88 e8 0e 97 d2 8a 01 00 00
0x0000018ad3cead48:   08 76 ce d3 8a 01 00 00 c8 6a ce d3 8a 01 00 00
0x0000018ad3cead58:   78 ac ce d3 8a 01 00 00 00 00 00 00 00 00 00 00
0x0000018ad3cead68:   01 00 00 80 00 00 00 00 01 00 00 00 ff ff ff ff
0x0000018ad3cead78:   b0 5b ce d3 8a 01 00 00 78 ac ce d3 8a 01 00 00
0x0000018ad3cead88:   00 78 ce d3 8a 01 00 00 e8 ac ce d3 8a 01 00 00
0x0000018ad3cead98:   78 17 97 d2 8a 01 00 00 98 ad ce d3 8a 01 00 00
0x0000018ad3ceada8:   03 00 00 00 ff ff ff ff de ff ff ff de ff ff ff
0x0000018ad3ceadb8:   08 ac ce d3 8a 01 00 00 20 62 7c ce 8a 01 00 00
0x0000018ad3ceadc8:   20 62 7c ce 8a 01 00 00 ff ff ff ff ff ff ff ff
0x0000018ad3ceadd8:   28 8b ce d3 8a 01 00 00 50 60 c1 cc 8a 01 00 00
0x0000018ad3ceade8:   30 61 c1 cc 8a 01 00 00 f8 60 c1 cc 8a 01 00 00
0x0000018ad3ceadf8:   b0 7e 22 ac fe 7f 00 00 50 ae ce d3 8a 01 00 00
0x0000018ad3ceae08:   88 af ce d3 8a 01 00 00 03 00 00 00 03 00 00 00
0x0000018ad3ceae18:   01 00 00 00 04 00 00 00 a4 12 00 00 0c 00 00 00
0x0000018ad3ceae28:   00 10 00 00 00 00 00 00 f8 60 c1 cc 8a 01 00 00
0x0000018ad3ceae38:   30 bb d6 cf 8a 01 00 00 ff ff ff ff ff ff ff ff
0x0000018ad3ceae48:   01 00 00 00 00 6c ca 88 08 0e 97 d2 8a 01 00 00
0x0000018ad3ceae58:   68 ae ce d3 8a 01 00 00 b0 6d 4d d3 8a 01 00 00
0x0000018ad3ceae68:   b0 7e 22 ac fe 7f 00 00 c0 ae ce d3 8a 01 00 00
0x0000018ad3ceae78:   68 af ce d3 8a 01 00 00 03 00 00 00 03 00 00 00
0x0000018ad3ceae88:   01 00 00 00 04 00 00 00 a5 12 00 00 0c 00 00 00
0x0000018ad3ceae98:   00 10 a4 d2 8a 01 00 00 f8 60 c1 cc 8a 01 00 00
0x0000018ad3ceaea8:   30 bb d6 cf 8a 01 00 00 ff ff ff ff ff ff ff ff
0x0000018ad3ceaeb8:   01 00 00 00 00 6c ca 88 78 0e 97 d2 8a 01 00 00
0x0000018ad3ceaec8:   d8 ae ce d3 8a 01 00 00 e8 6c ce d3 8a 01 00 00
0x0000018ad3ceaed8:   b0 7e 22 ac fe 7f 00 00 30 af ce d3 8a 01 00 00
0x0000018ad3ceaee8:   48 af ce d3 8a 01 00 00 03 00 00 00 03 00 00 00 


Stack slot to memory mapping:
stack at sp + 0 slots: 0x00007ffeabbdb32d jvm.dll
stack at sp + 1 slots: 0x0000018ad437c1f0 points into unknown readable memory: 0x0000000000000000 | 00 00 00 00 00 00 00 00
stack at sp + 2 slots: 0x0000018ad437c228 points into unknown readable memory: 0x000000000ffffcff | ff fc ff 0f 00 00 00 00
stack at sp + 3 slots: 0x0000018ad4312250 points into unknown readable memory: 0x0000000000000000 | 00 00 00 00 00 00 00 00
stack at sp + 4 slots: 0x00007ffeac3d0550 jvm.dll
stack at sp + 5 slots: 0x000003a400000013 is an unknown value
stack at sp + 6 slots: 0x0000000000000001 is an unknown value
stack at sp + 7 slots: 0x0000018ad2fc5c38 points into unknown readable memory: 0x00007ffeac22c5e8 | e8 c5 22 ac fe 7f 00 00


---------------  P R O C E S S  ---------------

Threads class SMR info:
_java_thread_list=0x0000018ad0d772e0, length=79, elements={
0x0000018ab28c6800, 0x0000018accbdb800, 0x0000018accbdd000, 0x0000018accbf7800,
0x0000018accbfa800, 0x0000018accbfb800, 0x0000018accbfe800, 0x0000018accc03800,
0x0000018accc2a800, 0x0000018acd6b2800, 0x0000018aced12800, 0x0000018acee87000,
0x0000018acecd2800, 0x0000018acf50a800, 0x0000018acec43800, 0x0000018aced69800,
0x0000018aced6a800, 0x0000018acf5e1000, 0x0000018acf467800, 0x0000018aceff5000,
0x0000018aceffa000, 0x0000018aceff4800, 0x0000018aceff7800, 0x0000018aceffb000,
0x0000018aceff6000, 0x0000018aceff7000, 0x0000018aceff8800, 0x0000018aceff9000,
0x0000018ad0e21800, 0x0000018ad0e22000, 0x0000018ad0e20800, 0x0000018ad0e1d000,
0x0000018ad0e1f800, 0x0000018ad0e23000, 0x0000018ad0e1e000, 0x0000018ad13b1000,
0x0000018ad13b7800, 0x0000018ad13b2000, 0x0000018ad13b2800, 0x0000018ad13b8800,
0x0000018ad13b7000, 0x0000018ad13b9800, 0x0000018ad13b3800, 0x0000018ad13ba000,
0x0000018ad13b4800, 0x0000018ad13b5000, 0x0000018ad13bb000, 0x0000018ad13bb800,
0x0000018ad13b6000, 0x0000018ad13bc800, 0x0000018ad13bf000, 0x0000018ad13bd800,
0x0000018ad13be000, 0x0000018ad13c0000, 0x0000018ad2b48800, 0x0000018ad2b48000,
0x0000018ad2b4c000, 0x0000018ad2b4b000, 0x0000018ad2b49800, 0x0000018ad2b46800,
0x0000018ad2b4d000, 0x0000018ad2b4a800, 0x0000018ad2b47000, 0x0000018ad2b4f800,
0x0000018ad2b50000, 0x0000018ad2b51000, 0x0000018ad2b53800, 0x0000018ad2b51800,
0x0000018ad2b52800, 0x0000018ad2b4d800, 0x0000018ad2b4e800, 0x0000018ad2b54000,
0x0000018ad2b55000, 0x0000018acd5c8000, 0x0000018acd5c9000, 0x0000018acd5cd000,
0x0000018acd5cc000, 0x0000018ad1140000, 0x0000018acd5cb800
}

Java Threads: ( => current thread )
  0x0000018ab28c6800 JavaThread "main" [_thread_blocked, id=10396, stack(0x000000745b600000,0x000000745b700000)]
  0x0000018accbdb800 JavaThread "Reference Handler" daemon [_thread_blocked, id=7436, stack(0x000000745bd00000,0x000000745be00000)]
  0x0000018accbdd000 JavaThread "Finalizer" daemon [_thread_blocked, id=2776, stack(0x000000745be00000,0x000000745bf00000)]
  0x0000018accbf7800 JavaThread "Signal Dispatcher" daemon [_thread_blocked, id=4104, stack(0x000000745bf00000,0x000000745c000000)]
  0x0000018accbfa800 JavaThread "Attach Listener" daemon [_thread_blocked, id=10472, stack(0x000000745c000000,0x000000745c100000)]
  0x0000018accbfb800 JavaThread "Service Thread" daemon [_thread_blocked, id=4108, stack(0x000000745c100000,0x000000745c200000)]
=>0x0000018accbfe800 JavaThread "C2 CompilerThread0" daemon [_thread_in_native, id=10304, stack(0x000000745c200000,0x000000745c300000)]
  0x0000018accc03800 JavaThread "C1 CompilerThread0" daemon [_thread_blocked, id=12164, stack(0x000000745c300000,0x000000745c400000)]
  0x0000018accc2a800 JavaThread "Sweeper thread" daemon [_thread_blocked, id=1200, stack(0x000000745c400000,0x000000745c500000)]
  0x0000018acd6b2800 JavaThread "Common-Cleaner" daemon [_thread_blocked, id=8680, stack(0x000000745c500000,0x000000745c600000)]
  0x0000018aced12800 JavaThread "Daemon health stats" [_thread_blocked, id=7212, stack(0x000000745ca00000,0x000000745cb00000)]
  0x0000018acee87000 JavaThread "Incoming local TCP Connector on port 53573" [_thread_in_native, id=11528, stack(0x000000745c900000,0x000000745ca00000)]
  0x0000018acecd2800 JavaThread "Daemon periodic checks" [_thread_blocked, id=1188, stack(0x000000745cb00000,0x000000745cc00000)]
  0x0000018acf50a800 JavaThread "Daemon" [_thread_blocked, id=6616, stack(0x000000745cc00000,0x000000745cd00000)]
  0x0000018acec43800 JavaThread "Handler for socket connection from /127.0.0.1:53573 to /127.0.0.1:53574" [_thread_in_native, id=6148, stack(0x000000745cd00000,0x000000745ce00000)]
  0x0000018aced69800 JavaThread "Cancel handler" [_thread_blocked, id=1648, stack(0x000000745ce00000,0x000000745cf00000)]
  0x0000018aced6a800 JavaThread "Daemon worker" [_thread_in_vm, id=864, stack(0x000000745cf00000,0x000000745d000000)]
  0x0000018acf5e1000 JavaThread "Asynchronous log dispatcher for DefaultDaemonConnection: socket connection from /127.0.0.1:53573 to /127.0.0.1:53574" [_thread_blocked, id=2500, stack(0x000000745d000000,0x000000745d100000)]
  0x0000018acf467800 JavaThread "Stdin handler" [_thread_blocked, id=10944, stack(0x000000745d100000,0x000000745d200000)]
  0x0000018aceff5000 JavaThread "Daemon client event forwarder" [_thread_blocked, id=9672, stack(0x000000745d200000,0x000000745d300000)]
  0x0000018aceffa000 JavaThread "Cache worker for journal cache (C:\Users\Admin\.gradle\caches\journal-1)" [_thread_blocked, id=1524, stack(0x000000745d400000,0x000000745d500000)]
  0x0000018aceff4800 JavaThread "File lock request listener" [_thread_in_native, id=1792, stack(0x000000745d500000,0x000000745d600000)]
  0x0000018aceff7800 JavaThread "Cache worker for file hash cache (C:\Users\Admin\.gradle\caches\7.2\fileHashes)" [_thread_blocked, id=1884, stack(0x000000745d600000,0x000000745d700000)]
  0x0000018aceffb000 JavaThread "Cache worker for file hash cache (C:\Users\Admin\Desktop\App\.gradle\7.2\fileHashes)" [_thread_blocked, id=2236, stack(0x000000745d800000,0x000000745d900000)]
  0x0000018aceff6000 JavaThread "File watcher server" daemon [_thread_in_native, id=2364, stack(0x000000745d900000,0x000000745da00000)]
  0x0000018aceff7000 JavaThread "File watcher consumer" daemon [_thread_blocked, id=2284, stack(0x000000745da00000,0x000000745db00000)]
  0x0000018aceff8800 JavaThread "Cache worker for checksums cache (C:\Users\Admin\Desktop\App\.gradle\checksums)" [_thread_blocked, id=9376, stack(0x000000745db00000,0x000000745dc00000)]
  0x0000018aceff9000 JavaThread "Cache worker for cache directory md-supplier (C:\Users\Admin\.gradle\caches\7.2\md-supplier)" [_thread_blocked, id=2952, stack(0x000000745dc00000,0x000000745dd00000)]
  0x0000018ad0e21800 JavaThread "Cache worker for cache directory md-rule (C:\Users\Admin\.gradle\caches\7.2\md-rule)" [_thread_blocked, id=6164, stack(0x000000745d700000,0x000000745d800000)]
  0x0000018ad0e22000 JavaThread "Cache worker for execution history cache (C:\Users\Admin\.gradle\caches\7.2\executionHistory)" [_thread_blocked, id=10688, stack(0x000000745de00000,0x000000745df00000)]
  0x0000018ad0e20800 JavaThread "jar transforms" [_thread_blocked, id=2800, stack(0x000000745df00000,0x000000745e000000)]
  0x0000018ad0e1d000 JavaThread "Cache worker for file content cache (C:\Users\Admin\.gradle\caches\7.2\fileContent)" [_thread_blocked, id=4476, stack(0x000000745e000000,0x000000745e100000)]
  0x0000018ad0e1f800 JavaThread "jar transforms Thread 2" [_thread_blocked, id=7440, stack(0x000000745e100000,0x000000745e200000)]
  0x0000018ad0e23000 JavaThread "Cache worker for dependencies-accessors (C:\Users\Admin\Desktop\App\.gradle\7.2\dependencies-accessors)" [_thread_blocked, id=6624, stack(0x000000745e200000,0x000000745e300000)]
  0x0000018ad0e1e000 JavaThread "jar transforms Thread 3" [_thread_blocked, id=3256, stack(0x000000745dd00000,0x000000745de00000)]
  0x0000018ad13b1000 JavaThread "Cache worker for Build Output Cleanup Cache (C:\Users\Admin\Desktop\App\.gradle\buildOutputCleanup)" [_thread_blocked, id=4320, stack(0x000000745e400000,0x000000745e500000)]
  0x0000018ad13b7800 JavaThread "Unconstrained build operations" [_thread_blocked, id=3980, stack(0x000000745e500000,0x000000745e600000)]
  0x0000018ad13b2000 JavaThread "Unconstrained build operations Thread 2" [_thread_blocked, id=12120, stack(0x000000745e600000,0x000000745e700000)]
  0x0000018ad13b2800 JavaThread "Unconstrained build operations Thread 3" [_thread_blocked, id=6512, stack(0x000000745e700000,0x000000745e800000)]
  0x0000018ad13b8800 JavaThread "Unconstrained build operations Thread 4" [_thread_blocked, id=1844, stack(0x000000745e800000,0x000000745e900000)]
  0x0000018ad13b7000 JavaThread "Unconstrained build operations Thread 5" [_thread_blocked, id=1480, stack(0x000000745e900000,0x000000745ea00000)]
  0x0000018ad13b9800 JavaThread "Unconstrained build operations Thread 6" [_thread_blocked, id=7796, stack(0x000000745ea00000,0x000000745eb00000)]
  0x0000018ad13b3800 JavaThread "Unconstrained build operations Thread 7" [_thread_blocked, id=7648, stack(0x000000745eb00000,0x000000745ec00000)]
  0x0000018ad13ba000 JavaThread "Unconstrained build operations Thread 8" [_thread_blocked, id=6844, stack(0x000000745ec00000,0x000000745ed00000)]
  0x0000018ad13b4800 JavaThread "Unconstrained build operations Thread 9" [_thread_blocked, id=4364, stack(0x000000745ed00000,0x000000745ee00000)]
  0x0000018ad13b5000 JavaThread "Unconstrained build operations Thread 10" [_thread_blocked, id=11672, stack(0x000000745ee00000,0x000000745ef00000)]
  0x0000018ad13bb000 JavaThread "Unconstrained build operations Thread 11" [_thread_blocked, id=2684, stack(0x000000745ef00000,0x000000745f000000)]
  0x0000018ad13bb800 JavaThread "Unconstrained build operations Thread 12" [_thread_blocked, id=7860, stack(0x000000745f000000,0x000000745f100000)]
  0x0000018ad13b6000 JavaThread "Unconstrained build operations Thread 13" [_thread_blocked, id=4244, stack(0x000000745f100000,0x000000745f200000)]
  0x0000018ad13bc800 JavaThread "Unconstrained build operations Thread 14" [_thread_blocked, id=11600, stack(0x000000745e300000,0x000000745e400000)]
  0x0000018ad13bf000 JavaThread "Unconstrained build operations Thread 15" [_thread_blocked, id=4836, stack(0x000000745f200000,0x000000745f300000)]
  0x0000018ad13bd800 JavaThread "Unconstrained build operations Thread 16" [_thread_blocked, id=4708, stack(0x000000745f300000,0x000000745f400000)]
  0x0000018ad13be000 JavaThread "Unconstrained build operations Thread 17" [_thread_blocked, id=9168, stack(0x000000745f400000,0x000000745f500000)]
  0x0000018ad13c0000 JavaThread "Unconstrained build operations Thread 18" [_thread_blocked, id=3700, stack(0x000000745f500000,0x000000745f600000)]
  0x0000018ad2b48800 JavaThread "Unconstrained build operations Thread 19" [_thread_blocked, id=828, stack(0x000000745f600000,0x000000745f700000)]
  0x0000018ad2b48000 JavaThread "Unconstrained build operations Thread 20" [_thread_blocked, id=7176, stack(0x000000745f700000,0x000000745f800000)]
  0x0000018ad2b4c000 JavaThread "Unconstrained build operations Thread 21" [_thread_blocked, id=5324, stack(0x000000745f800000,0x000000745f900000)]
  0x0000018ad2b4b000 JavaThread "Unconstrained build operations Thread 22" [_thread_blocked, id=10492, stack(0x000000745f900000,0x000000745fa00000)]
  0x0000018ad2b49800 JavaThread "Unconstrained build operations Thread 23" [_thread_blocked, id=12092, stack(0x000000745fa00000,0x000000745fb00000)]
  0x0000018ad2b46800 JavaThread "Unconstrained build operations Thread 24" [_thread_blocked, id=840, stack(0x000000745fb00000,0x000000745fc00000)]
  0x0000018ad2b4d000 JavaThread "Unconstrained build operations Thread 25" [_thread_blocked, id=6692, stack(0x000000745fc00000,0x000000745fd00000)]
  0x0000018ad2b4a800 JavaThread "Unconstrained build operations Thread 26" [_thread_blocked, id=6704, stack(0x000000745fd00000,0x000000745fe00000)]
  0x0000018ad2b47000 JavaThread "Unconstrained build operations Thread 27" [_thread_blocked, id=1828, stack(0x000000745fe00000,0x000000745ff00000)]
  0x0000018ad2b4f800 JavaThread "Unconstrained build operations Thread 28" [_thread_blocked, id=4076, stack(0x000000745ff00000,0x0000007460000000)]
  0x0000018ad2b50000 JavaThread "Unconstrained build operations Thread 29" [_thread_blocked, id=1700, stack(0x0000007460000000,0x0000007460100000)]
  0x0000018ad2b51000 JavaThread "Unconstrained build operations Thread 30" [_thread_blocked, id=4736, stack(0x0000007460100000,0x0000007460200000)]
  0x0000018ad2b53800 JavaThread "Unconstrained build operations Thread 31" [_thread_blocked, id=11400, stack(0x0000007460200000,0x0000007460300000)]
  0x0000018ad2b51800 JavaThread "Unconstrained build operations Thread 32" [_thread_blocked, id=1232, stack(0x0000007460300000,0x0000007460400000)]
  0x0000018ad2b52800 JavaThread "Unconstrained build operations Thread 33" [_thread_blocked, id=4908, stack(0x0000007460400000,0x0000007460500000)]
  0x0000018ad2b4d800 JavaThread "Unconstrained build operations Thread 34" [_thread_blocked, id=4768, stack(0x0000007460500000,0x0000007460600000)]
  0x0000018ad2b4e800 JavaThread "Unconstrained build operations Thread 35" [_thread_blocked, id=8092, stack(0x0000007460600000,0x0000007460700000)]
  0x0000018ad2b54000 JavaThread "Unconstrained build operations Thread 36" [_thread_blocked, id=3132, stack(0x0000007460700000,0x0000007460800000)]
  0x0000018ad2b55000 JavaThread "Unconstrained build operations Thread 37" [_thread_blocked, id=6840, stack(0x0000007460800000,0x0000007460900000)]
  0x0000018acd5c8000 JavaThread "Unconstrained build operations Thread 38" [_thread_blocked, id=5672, stack(0x0000007460900000,0x0000007460a00000)]
  0x0000018acd5c9000 JavaThread "Unconstrained build operations Thread 39" [_thread_blocked, id=5076, stack(0x0000007460a00000,0x0000007460b00000)]
  0x0000018acd5cd000 JavaThread "Unconstrained build operations Thread 40" [_thread_blocked, id=4208, stack(0x0000007460b00000,0x0000007460c00000)]
  0x0000018acd5cc000 JavaThread "jar transforms Thread 4" [_thread_blocked, id=5724, stack(0x0000007460c00000,0x0000007460d00000)]
  0x0000018ad1140000 JavaThread "C2 CompilerThread1" daemon [_thread_in_native, id=11888, stack(0x0000007460d00000,0x0000007460e00000)]
  0x0000018acd5cb800 JavaThread "Memory manager" [_thread_blocked, id=5996, stack(0x0000007460e00000,0x0000007460f00000)]

Other Threads:
  0x0000018accbd8000 VMThread "VM Thread" [stack: 0x000000745bc00000,0x000000745bd00000] [id=12080]
  0x0000018acd6bc000 WatcherThread [stack: 0x000000745c600000,0x000000745c700000] [id=8868]
  0x0000018ab28df800 GCTaskThread "GC Thread#0" [stack: 0x000000745b700000,0x000000745b800000] [id=11904]
  0x0000018acd918000 GCTaskThread "GC Thread#1" [stack: 0x000000745c700000,0x000000745c800000] [id=8796]
  0x0000018acdb15800 GCTaskThread "GC Thread#2" [stack: 0x000000745c800000,0x000000745c900000] [id=5888]
  0x0000018acec44000 GCTaskThread "GC Thread#3" [stack: 0x000000745d300000,0x000000745d400000] [id=1412]
  0x0000018ab2912000 ConcurrentGCThread "G1 Main Marker" [stack: 0x000000745b800000,0x000000745b900000] [id=11160]
  0x0000018ab2913000 ConcurrentGCThread "G1 Conc#0" [stack: 0x000000745b900000,0x000000745ba00000] [id=12108]
  0x0000018ab29a2800 ConcurrentGCThread "G1 Refine#0" [stack: 0x000000745ba00000,0x000000745bb00000] [id=1532]
  0x0000018ab29a3800 ConcurrentGCThread "G1 Young RemSet Sampling" [stack: 0x000000745bb00000,0x000000745bc00000] [id=6868]

Threads with active compile tasks:
C2 CompilerThread0  21510 6270       4       org.objectweb.asm.MethodWriter::computeAllFrames (510 bytes)
C2 CompilerThread1  21510 6230       4       org.objectweb.asm.SymbolTable::addConstantMemberReference (147 bytes)

VM state:not at safepoint (normal execution)

VM Mutex/Monitor currently owned by a thread: None

Heap address: 0x0000000080000000, size: 2048 MB, Compressed Oops mode: 32-bit
Narrow klass base: 0x0000000000000000, Narrow klass shift: 3
Compressed class space size: 1073741824 Address: 0x0000000100000000

Heap:
 garbage-first heap   total 157696K, used 96382K [0x0000000080000000, 0x0000000100000000)
  region size 1024K, 51 young (52224K), 3 survivors (3072K)
 Metaspace       used 64094K, capacity 65692K, committed 65816K, reserved 1105920K
  class space    used 8063K, capacity 8622K, committed 8728K, reserved 1048576K
Heap Regions: E=young(eden), S=young(survivor), O=old, HS=humongous(starts), HC=humongous(continues), CS=collection set, F=free, A=archive, TAMS=top-at-mark-start (previous, next)
|   0|0x0000000080000000, 0x0000000080100000, 0x0000000080100000|100%| O|  |TAMS 0x0000000080100000, 0x0000000080000000| Untracked 
|   1|0x0000000080100000, 0x0000000080200000, 0x0000000080200000|100%| O|  |TAMS 0x0000000080200000, 0x0000000080100000| Untracked 
|   2|0x0000000080200000, 0x0000000080300000, 0x0000000080300000|100%| O|  |TAMS 0x0000000080300000, 0x0000000080200000| Untracked 
|   3|0x0000000080300000, 0x0000000080400000, 0x0000000080400000|100%|HS|  |TAMS 0x0000000080400000, 0x0000000080300000| Complete 
|   4|0x0000000080400000, 0x0000000080500000, 0x0000000080500000|100%|HC|  |TAMS 0x0000000080500000, 0x0000000080400000| Complete 
|   5|0x0000000080500000, 0x0000000080600000, 0x0000000080600000|100%|HC|  |TAMS 0x0000000080600000, 0x0000000080500000| Complete 
|   6|0x0000000080600000, 0x0000000080700000, 0x0000000080700000|100%| O|  |TAMS 0x0000000080700000, 0x0000000080600000| Untracked 
|   7|0x0000000080700000, 0x0000000080800000, 0x0000000080800000|100%| O|  |TAMS 0x0000000080800000, 0x0000000080700000| Untracked 
|   8|0x0000000080800000, 0x0000000080900000, 0x0000000080900000|100%| O|  |TAMS 0x0000000080900000, 0x0000000080800000| Untracked 
|   9|0x0000000080900000, 0x0000000080a00000, 0x0000000080a00000|100%| O|  |TAMS 0x0000000080a00000, 0x0000000080900000| Untracked 
|  10|0x0000000080a00000, 0x0000000080b00000, 0x0000000080b00000|100%| O|  |TAMS 0x0000000080b00000, 0x0000000080a00000| Untracked 
|  11|0x0000000080b00000, 0x0000000080c00000, 0x0000000080c00000|100%| O|  |TAMS 0x0000000080c00000, 0x0000000080b00000| Untracked 
|  12|0x0000000080c00000, 0x0000000080d00000, 0x0000000080d00000|100%| O|  |TAMS 0x0000000080d00000, 0x0000000080c00000| Untracked 
|  13|0x0000000080d00000, 0x0000000080e00000, 0x0000000080e00000|100%| O|  |TAMS 0x0000000080e00000, 0x0000000080d00000| Untracked 
|  14|0x0000000080e00000, 0x0000000080f00000, 0x0000000080f00000|100%| O|  |TAMS 0x0000000080f00000, 0x0000000080e00000| Untracked 
|  15|0x0000000080f00000, 0x0000000081000000, 0x0000000081000000|100%| O|  |TAMS 0x0000000081000000, 0x0000000080f00000| Untracked 
|  16|0x0000000081000000, 0x0000000081100000, 0x0000000081100000|100%|HS|  |TAMS 0x0000000081100000, 0x0000000081000000| Complete 
|  17|0x0000000081100000, 0x0000000081200000, 0x0000000081200000|100%| O|  |TAMS 0x0000000081200000, 0x0000000081100000| Untracked 
|  18|0x0000000081200000, 0x0000000081300000, 0x0000000081300000|100%| O|  |TAMS 0x0000000081300000, 0x0000000081200000| Untracked 
|  19|0x0000000081300000, 0x0000000081400000, 0x0000000081400000|100%| O|  |TAMS 0x0000000081400000, 0x0000000081300000| Untracked 
|  20|0x0000000081400000, 0x0000000081500000, 0x0000000081500000|100%| O|  |TAMS 0x0000000081500000, 0x0000000081400000| Untracked 
|  21|0x0000000081500000, 0x0000000081600000, 0x0000000081600000|100%| O|  |TAMS 0x0000000081600000, 0x0000000081500000| Untracked 
|  22|0x0000000081600000, 0x0000000081700000, 0x0000000081700000|100%| O|  |TAMS 0x0000000081700000, 0x0000000081600000| Untracked 
|  23|0x0000000081700000, 0x0000000081800000, 0x0000000081800000|100%| O|  |TAMS 0x0000000081800000, 0x0000000081700000| Untracked 
|  24|0x0000000081800000, 0x0000000081900000, 0x0000000081900000|100%| O|  |TAMS 0x0000000081900000, 0x0000000081800000| Untracked 
|  25|0x0000000081900000, 0x0000000081a00000, 0x0000000081a00000|100%|HS|  |TAMS 0x0000000081a00000, 0x0000000081900000| Complete 
|  26|0x0000000081a00000, 0x0000000081b00000, 0x0000000081b00000|100%|HS|  |TAMS 0x0000000081b00000, 0x0000000081a00000| Complete 
|  27|0x0000000081b00000, 0x0000000081c00000, 0x0000000081c00000|100%|HS|  |TAMS 0x0000000081c00000, 0x0000000081b00000| Complete 
|  28|0x0000000081c00000, 0x0000000081d00000, 0x0000000081d00000|100%|HC|  |TAMS 0x0000000081d00000, 0x0000000081c00000| Complete 
|  29|0x0000000081d00000, 0x0000000081e00000, 0x0000000081e00000|100%| O|  |TAMS 0x0000000081e00000, 0x0000000081d00000| Untracked 
|  30|0x0000000081e00000, 0x0000000081f00000, 0x0000000081f00000|100%| O|  |TAMS 0x0000000081f00000, 0x0000000081e00000| Untracked 
|  31|0x0000000081f00000, 0x0000000082000000, 0x0000000082000000|100%| O|  |TAMS 0x0000000082000000, 0x0000000081f00000| Untracked 
|  32|0x0000000082000000, 0x0000000082100000, 0x0000000082100000|100%| O|  |TAMS 0x0000000082100000, 0x0000000082000000| Untracked 
|  33|0x0000000082100000, 0x0000000082200000, 0x0000000082200000|100%| O|  |TAMS 0x0000000082200000, 0x0000000082100000| Untracked 
|  34|0x0000000082200000, 0x0000000082300000, 0x0000000082300000|100%| O|  |TAMS 0x0000000082300000, 0x0000000082200000| Untracked 
|  35|0x0000000082300000, 0x0000000082400000, 0x0000000082400000|100%| O|  |TAMS 0x0000000082400000, 0x0000000082300000| Untracked 
|  36|0x0000000082400000, 0x0000000082500000, 0x0000000082500000|100%| O|  |TAMS 0x0000000082500000, 0x0000000082400000| Untracked 
|  37|0x0000000082500000, 0x0000000082600000, 0x0000000082600000|100%| O|  |TAMS 0x0000000082600000, 0x0000000082500000| Untracked 
|  38|0x0000000082600000, 0x0000000082700000, 0x0000000082700000|100%| O|  |TAMS 0x0000000082700000, 0x0000000082600000| Untracked 
|  39|0x0000000082700000, 0x0000000082800000, 0x0000000082800000|100%| O|  |TAMS 0x0000000082800000, 0x0000000082700000| Untracked 
|  40|0x0000000082800000, 0x0000000082900000, 0x0000000082900000|100%| O|  |TAMS 0x0000000082900000, 0x0000000082800000| Untracked 
|  41|0x0000000082900000, 0x0000000082a00000, 0x0000000082a00000|100%| O|  |TAMS 0x0000000082a00000, 0x0000000082900000| Untracked 
|  42|0x0000000082a00000, 0x0000000082b00000, 0x0000000082b00000|100%| O|  |TAMS 0x0000000082b00000, 0x0000000082a00000| Untracked 
|  43|0x0000000082b00000, 0x0000000082c00000, 0x0000000082c00000|100%| O|  |TAMS 0x0000000082c00000, 0x0000000082b00000| Untracked 
|  44|0x0000000082c00000, 0x0000000082d00000, 0x0000000082d00000|100%| O|  |TAMS 0x0000000082d00000, 0x0000000082c00000| Untracked 
|  45|0x0000000082d00000, 0x0000000082dac600, 0x0000000082e00000| 67%| O|  |TAMS 0x0000000082dac600, 0x0000000082d00000| Untracked 
|  46|0x0000000082e00000, 0x0000000082e00000, 0x0000000082f00000|  0%| F|  |TAMS 0x0000000082e00000, 0x0000000082e00000| Untracked 
|  47|0x0000000082f00000, 0x0000000082f00000, 0x0000000083000000|  0%| F|  |TAMS 0x0000000082f00000, 0x0000000082f00000| Untracked 
|  48|0x0000000083000000, 0x0000000083000000, 0x0000000083100000|  0%| F|  |TAMS 0x0000000083000000, 0x0000000083000000| Untracked 
|  49|0x0000000083100000, 0x0000000083100000, 0x0000000083200000|  0%| F|  |TAMS 0x0000000083100000, 0x0000000083100000| Untracked 
|  50|0x0000000083200000, 0x0000000083200000, 0x0000000083300000|  0%| F|  |TAMS 0x0000000083200000, 0x0000000083200000| Untracked 
|  51|0x0000000083300000, 0x0000000083300000, 0x0000000083400000|  0%| F|  |TAMS 0x0000000083300000, 0x0000000083300000| Untracked 
|  52|0x0000000083400000, 0x0000000083400000, 0x0000000083500000|  0%| F|  |TAMS 0x0000000083400000, 0x0000000083400000| Untracked 
|  53|0x0000000083500000, 0x0000000083500000, 0x0000000083600000|  0%| F|  |TAMS 0x0000000083500000, 0x0000000083500000| Untracked 
|  54|0x0000000083600000, 0x0000000083600000, 0x0000000083700000|  0%| F|  |TAMS 0x0000000083600000, 0x0000000083600000| Untracked 
|  55|0x0000000083700000, 0x0000000083700000, 0x0000000083800000|  0%| F|  |TAMS 0x0000000083700000, 0x0000000083700000| Untracked 
|  56|0x0000000083800000, 0x0000000083800000, 0x0000000083900000|  0%| F|  |TAMS 0x0000000083800000, 0x0000000083800000| Untracked 
|  57|0x0000000083900000, 0x0000000083900000, 0x0000000083a00000|  0%| F|  |TAMS 0x0000000083900000, 0x0000000083900000| Untracked 
|  58|0x0000000083a00000, 0x0000000083a00000, 0x0000000083b00000|  0%| F|  |TAMS 0x0000000083a00000, 0x0000000083a00000| Untracked 
|  59|0x0000000083b00000, 0x0000000083b00000, 0x0000000083c00000|  0%| F|  |TAMS 0x0000000083b00000, 0x0000000083b00000| Untracked 
|  60|0x0000000083c00000, 0x0000000083c00000, 0x0000000083d00000|  0%| F|  |TAMS 0x0000000083c00000, 0x0000000083c00000| Untracked 
|  61|0x0000000083d00000, 0x0000000083d00000, 0x0000000083e00000|  0%| F|  |TAMS 0x0000000083d00000, 0x0000000083d00000| Untracked 
|  62|0x0000000083e00000, 0x0000000083e00000, 0x0000000083f00000|  0%| F|  |TAMS 0x0000000083e00000, 0x0000000083e00000| Untracked 
|  63|0x0000000083f00000, 0x0000000083f00000, 0x0000000084000000|  0%| F|  |TAMS 0x0000000083f00000, 0x0000000083f00000| Untracked 
|  64|0x0000000084000000, 0x0000000084000000, 0x0000000084100000|  0%| F|  |TAMS 0x0000000084000000, 0x0000000084000000| Untracked 
|  65|0x0000000084100000, 0x0000000084100000, 0x0000000084200000|  0%| F|  |TAMS 0x0000000084100000, 0x0000000084100000| Untracked 
|  66|0x0000000084200000, 0x0000000084200000, 0x0000000084300000|  0%| F|  |TAMS 0x0000000084200000, 0x0000000084200000| Untracked 
|  67|0x0000000084300000, 0x0000000084300000, 0x0000000084400000|  0%| F|  |TAMS 0x0000000084300000, 0x0000000084300000| Untracked 
|  68|0x0000000084400000, 0x0000000084400000, 0x0000000084500000|  0%| F|  |TAMS 0x0000000084400000, 0x0000000084400000| Untracked 
|  69|0x0000000084500000, 0x0000000084500000, 0x0000000084600000|  0%| F|  |TAMS 0x0000000084500000, 0x0000000084500000| Untracked 
|  70|0x0000000084600000, 0x0000000084600000, 0x0000000084700000|  0%| F|  |TAMS 0x0000000084600000, 0x0000000084600000| Untracked 
|  71|0x0000000084700000, 0x0000000084700000, 0x0000000084800000|  0%| F|  |TAMS 0x0000000084700000, 0x0000000084700000| Untracked 
|  72|0x0000000084800000, 0x0000000084800000, 0x0000000084900000|  0%| F|  |TAMS 0x0000000084800000, 0x0000000084800000| Untracked 
|  73|0x0000000084900000, 0x0000000084900000, 0x0000000084a00000|  0%| F|  |TAMS 0x0000000084900000, 0x0000000084900000| Untracked 
|  74|0x0000000084a00000, 0x0000000084a00000, 0x0000000084b00000|  0%| F|  |TAMS 0x0000000084a00000, 0x0000000084a00000| Untracked 
|  75|0x0000000084b00000, 0x0000000084b00000, 0x0000000084c00000|  0%| F|  |TAMS 0x0000000084b00000, 0x0000000084b00000| Untracked 
|  76|0x0000000084c00000, 0x0000000084c00000, 0x0000000084d00000|  0%| F|  |TAMS 0x0000000084c00000, 0x0000000084c00000| Untracked 
|  77|0x0000000084d00000, 0x0000000084d00000, 0x0000000084e00000|  0%| F|  |TAMS 0x0000000084d00000, 0x0000000084d00000| Untracked 
|  78|0x0000000084e00000, 0x0000000084e00000, 0x0000000084f00000|  0%| F|  |TAMS 0x0000000084e00000, 0x0000000084e00000| Untracked 
|  79|0x0000000084f00000, 0x0000000084f00000, 0x0000000085000000|  0%| F|  |TAMS 0x0000000084f00000, 0x0000000084f00000| Untracked 
|  80|0x0000000085000000, 0x0000000085000000, 0x0000000085100000|  0%| F|  |TAMS 0x0000000085000000, 0x0000000085000000| Untracked 
|  81|0x0000000085100000, 0x0000000085100000, 0x0000000085200000|  0%| F|  |TAMS 0x0000000085100000, 0x0000000085100000| Untracked 
|  82|0x0000000085200000, 0x0000000085200000, 0x0000000085300000|  0%| F|  |TAMS 0x0000000085200000, 0x0000000085200000| Untracked 
|  83|0x0000000085300000, 0x0000000085300000, 0x0000000085400000|  0%| F|  |TAMS 0x0000000085300000, 0x0000000085300000| Untracked 
|  84|0x0000000085400000, 0x0000000085400000, 0x0000000085500000|  0%| F|  |TAMS 0x0000000085400000, 0x0000000085400000| Untracked 
|  85|0x0000000085500000, 0x0000000085500000, 0x0000000085600000|  0%| F|  |TAMS 0x0000000085500000, 0x0000000085500000| Untracked 
|  86|0x0000000085600000, 0x0000000085600000, 0x0000000085700000|  0%| F|  |TAMS 0x0000000085600000, 0x0000000085600000| Untracked 
|  87|0x0000000085700000, 0x0000000085700000, 0x0000000085800000|  0%| F|  |TAMS 0x0000000085700000, 0x0000000085700000| Untracked 
|  88|0x0000000085800000, 0x0000000085800000, 0x0000000085900000|  0%| F|  |TAMS 0x0000000085800000, 0x0000000085800000| Untracked 
|  89|0x0000000085900000, 0x0000000085900000, 0x0000000085a00000|  0%| F|  |TAMS 0x0000000085900000, 0x0000000085900000| Untracked 
|  90|0x0000000085a00000, 0x0000000085a00000, 0x0000000085b00000|  0%| F|  |TAMS 0x0000000085a00000, 0x0000000085a00000| Untracked 
|  91|0x0000000085b00000, 0x0000000085b00000, 0x0000000085c00000|  0%| F|  |TAMS 0x0000000085b00000, 0x0000000085b00000| Untracked 
|  92|0x0000000085c00000, 0x0000000085c00000, 0x0000000085d00000|  0%| F|  |TAMS 0x0000000085c00000, 0x0000000085c00000| Untracked 
|  93|0x0000000085d00000, 0x0000000085d00000, 0x0000000085e00000|  0%| F|  |TAMS 0x0000000085d00000, 0x0000000085d00000| Untracked 
|  94|0x0000000085e00000, 0x0000000085e00000, 0x0000000085f00000|  0%| F|  |TAMS 0x0000000085e00000, 0x0000000085e00000| Untracked 
|  95|0x0000000085f00000, 0x0000000085f00000, 0x0000000086000000|  0%| F|  |TAMS 0x0000000085f00000, 0x0000000085f00000| Untracked 
|  96|0x0000000086000000, 0x0000000086000000, 0x0000000086100000|  0%| F|  |TAMS 0x0000000086000000, 0x0000000086000000| Untracked 
|  97|0x0000000086100000, 0x0000000086100000, 0x0000000086200000|  0%| F|  |TAMS 0x0000000086100000, 0x0000000086100000| Untracked 
|  98|0x0000000086200000, 0x0000000086200000, 0x0000000086300000|  0%| F|  |TAMS 0x0000000086200000, 0x0000000086200000| Untracked 
|  99|0x0000000086300000, 0x0000000086300000, 0x0000000086400000|  0%| F|  |TAMS 0x0000000086300000, 0x0000000086300000| Untracked 
| 100|0x0000000086400000, 0x0000000086400000, 0x0000000086500000|  0%| F|  |TAMS 0x0000000086400000, 0x0000000086400000| Untracked 
| 101|0x0000000086500000, 0x0000000086500000, 0x0000000086600000|  0%| F|  |TAMS 0x0000000086500000, 0x0000000086500000| Untracked 
| 102|0x0000000086600000, 0x0000000086600000, 0x0000000086700000|  0%| F|  |TAMS 0x0000000086600000, 0x0000000086600000| Untracked 
| 103|0x0000000086700000, 0x0000000086780ae8, 0x0000000086800000| 50%| E|  |TAMS 0x0000000086700000, 0x0000000086700000| Complete 
| 104|0x0000000086800000, 0x0000000086873228, 0x0000000086900000| 44%| S|CS|TAMS 0x0000000086800000, 0x0000000086800000| Complete 
| 105|0x0000000086900000, 0x0000000086a00000, 0x0000000086a00000|100%| S|CS|TAMS 0x0000000086900000, 0x0000000086900000| Complete 
| 106|0x0000000086a00000, 0x0000000086b00000, 0x0000000086b00000|100%| S|CS|TAMS 0x0000000086a00000, 0x0000000086a00000| Complete 
| 107|0x0000000086b00000, 0x0000000086c00000, 0x0000000086c00000|100%| E|CS|TAMS 0x0000000086b00000, 0x0000000086b00000| Complete 
| 108|0x0000000086c00000, 0x0000000086d00000, 0x0000000086d00000|100%| E|CS|TAMS 0x0000000086c00000, 0x0000000086c00000| Complete 
| 109|0x0000000086d00000, 0x0000000086e00000, 0x0000000086e00000|100%| E|CS|TAMS 0x0000000086d00000, 0x0000000086d00000| Complete 
| 110|0x0000000086e00000, 0x0000000086f00000, 0x0000000086f00000|100%| E|CS|TAMS 0x0000000086e00000, 0x0000000086e00000| Complete 
| 111|0x0000000086f00000, 0x0000000087000000, 0x0000000087000000|100%| E|CS|TAMS 0x0000000086f00000, 0x0000000086f00000| Complete 
| 112|0x0000000087000000, 0x0000000087100000, 0x0000000087100000|100%| E|CS|TAMS 0x0000000087000000, 0x0000000087000000| Complete 
| 113|0x0000000087100000, 0x0000000087200000, 0x0000000087200000|100%| E|CS|TAMS 0x0000000087100000, 0x0000000087100000| Complete 
| 114|0x0000000087200000, 0x0000000087300000, 0x0000000087300000|100%| E|CS|TAMS 0x0000000087200000, 0x0000000087200000| Complete 
| 115|0x0000000087300000, 0x0000000087400000, 0x0000000087400000|100%| E|CS|TAMS 0x0000000087300000, 0x0000000087300000| Complete 
| 116|0x0000000087400000, 0x0000000087500000, 0x0000000087500000|100%| E|CS|TAMS 0x0000000087400000, 0x0000000087400000| Complete 
| 117|0x0000000087500000, 0x0000000087600000, 0x0000000087600000|100%| E|CS|TAMS 0x0000000087500000, 0x0000000087500000| Complete 
| 118|0x0000000087600000, 0x0000000087700000, 0x0000000087700000|100%| E|CS|TAMS 0x0000000087600000, 0x0000000087600000| Complete 
| 119|0x0000000087700000, 0x0000000087800000, 0x0000000087800000|100%| E|CS|TAMS 0x0000000087700000, 0x0000000087700000| Complete 
| 120|0x0000000087800000, 0x0000000087900000, 0x0000000087900000|100%| E|CS|TAMS 0x0000000087800000, 0x0000000087800000| Complete 
| 121|0x0000000087900000, 0x0000000087a00000, 0x0000000087a00000|100%| E|CS|TAMS 0x0000000087900000, 0x0000000087900000| Complete 
| 122|0x0000000087a00000, 0x0000000087b00000, 0x0000000087b00000|100%| E|CS|TAMS 0x0000000087a00000, 0x0000000087a00000| Complete 
| 123|0x0000000087b00000, 0x0000000087c00000, 0x0000000087c00000|100%| E|CS|TAMS 0x0000000087b00000, 0x0000000087b00000| Complete 
| 124|0x0000000087c00000, 0x0000000087d00000, 0x0000000087d00000|100%| E|CS|TAMS 0x0000000087c00000, 0x0000000087c00000| Complete 
| 125|0x0000000087d00000, 0x0000000087e00000, 0x0000000087e00000|100%| E|CS|TAMS 0x0000000087d00000, 0x0000000087d00000| Complete 
| 126|0x0000000087e00000, 0x0000000087f00000, 0x0000000087f00000|100%| E|CS|TAMS 0x0000000087e00000, 0x0000000087e00000| Complete 
| 127|0x0000000087f00000, 0x0000000088000000, 0x0000000088000000|100%| E|CS|TAMS 0x0000000087f00000, 0x0000000087f00000| Complete 
| 128|0x0000000088000000, 0x0000000088100000, 0x0000000088100000|100%| E|CS|TAMS 0x0000000088000000, 0x0000000088000000| Complete 
| 129|0x0000000088100000, 0x0000000088200000, 0x0000000088200000|100%| E|CS|TAMS 0x0000000088100000, 0x0000000088100000| Complete 
| 130|0x0000000088200000, 0x0000000088300000, 0x0000000088300000|100%| E|CS|TAMS 0x0000000088200000, 0x0000000088200000| Complete 
| 131|0x0000000088300000, 0x0000000088400000, 0x0000000088400000|100%| E|CS|TAMS 0x0000000088300000, 0x0000000088300000| Complete 
| 132|0x0000000088400000, 0x0000000088500000, 0x0000000088500000|100%| E|CS|TAMS 0x0000000088400000, 0x0000000088400000| Complete 
| 133|0x0000000088500000, 0x0000000088600000, 0x0000000088600000|100%| E|CS|TAMS 0x0000000088500000, 0x0000000088500000| Complete 
| 134|0x0000000088600000, 0x0000000088700000, 0x0000000088700000|100%| E|CS|TAMS 0x0000000088600000, 0x0000000088600000| Complete 
| 135|0x0000000088700000, 0x0000000088800000, 0x0000000088800000|100%| E|CS|TAMS 0x0000000088700000, 0x0000000088700000| Complete 
| 136|0x0000000088800000, 0x0000000088900000, 0x0000000088900000|100%| E|  |TAMS 0x0000000088800000, 0x0000000088800000| Complete 
| 137|0x0000000088900000, 0x0000000088a00000, 0x0000000088a00000|100%| E|CS|TAMS 0x0000000088900000, 0x0000000088900000| Complete 
| 138|0x0000000088a00000, 0x0000000088b00000, 0x0000000088b00000|100%| E|CS|TAMS 0x0000000088a00000, 0x0000000088a00000| Complete 
| 139|0x0000000088b00000, 0x0000000088c00000, 0x0000000088c00000|100%| E|CS|TAMS 0x0000000088b00000, 0x0000000088b00000| Complete 
| 140|0x0000000088c00000, 0x0000000088d00000, 0x0000000088d00000|100%| E|CS|TAMS 0x0000000088c00000, 0x0000000088c00000| Complete 
| 141|0x0000000088d00000, 0x0000000088e00000, 0x0000000088e00000|100%| E|CS|TAMS 0x0000000088d00000, 0x0000000088d00000| Complete 
| 142|0x0000000088e00000, 0x0000000088f00000, 0x0000000088f00000|100%| E|CS|TAMS 0x0000000088e00000, 0x0000000088e00000| Complete 
| 143|0x0000000088f00000, 0x0000000089000000, 0x0000000089000000|100%| E|CS|TAMS 0x0000000088f00000, 0x0000000088f00000| Complete 
| 144|0x0000000089000000, 0x0000000089100000, 0x0000000089100000|100%| E|CS|TAMS 0x0000000089000000, 0x0000000089000000| Complete 
| 145|0x0000000089100000, 0x0000000089200000, 0x0000000089200000|100%| E|CS|TAMS 0x0000000089100000, 0x0000000089100000| Complete 
| 146|0x0000000089200000, 0x0000000089300000, 0x0000000089300000|100%| E|CS|TAMS 0x0000000089200000, 0x0000000089200000| Complete 
| 147|0x0000000089300000, 0x0000000089400000, 0x0000000089400000|100%| E|CS|TAMS 0x0000000089300000, 0x0000000089300000| Complete 
| 148|0x0000000089400000, 0x0000000089500000, 0x0000000089500000|100%| E|CS|TAMS 0x0000000089400000, 0x0000000089400000| Complete 
| 149|0x0000000089500000, 0x0000000089600000, 0x0000000089600000|100%| E|CS|TAMS 0x0000000089500000, 0x0000000089500000| Complete 
| 150|0x0000000089600000, 0x0000000089700000, 0x0000000089700000|100%| E|CS|TAMS 0x0000000089600000, 0x0000000089600000| Complete 
| 151|0x0000000089700000, 0x0000000089800000, 0x0000000089800000|100%| E|CS|TAMS 0x0000000089700000, 0x0000000089700000| Complete 
| 152|0x0000000089800000, 0x0000000089900000, 0x0000000089900000|100%| E|CS|TAMS 0x0000000089800000, 0x0000000089800000| Complete 
| 153|0x0000000089900000, 0x0000000089a00000, 0x0000000089a00000|100%| E|CS|TAMS 0x0000000089900000, 0x0000000089900000| Complete 

Card table byte_map: [0x0000018ac5df0000,0x0000018ac61f0000] _byte_map_base: 0x0000018ac59f0000

Marking Bits (Prev, Next): (CMBitMap*) 0x0000018ab2908f90, (CMBitMap*) 0x0000018ab2908f58
 Prev Bits: [0x0000018ac85f0000, 0x0000018aca5f0000)
 Next Bits: [0x0000018ac65f0000, 0x0000018ac85f0000)

Polling page: 0x0000018ab0f60000

Metaspace:

Usage:
  Non-class:     55.73 MB capacity,    54.76 MB ( 98%) used,   832.55 KB (  1%) free+waste,   162.81 KB ( <1%) overhead. 
      Class:      8.42 MB capacity,     7.88 MB ( 94%) used,   477.65 KB (  6%) free+waste,    76.00 KB ( <1%) overhead. 
       Both:     64.15 MB capacity,    62.64 MB ( 98%) used,     1.28 MB (  2%) free+waste,   238.81 KB ( <1%) overhead. 

Virtual space:
  Non-class space:       56.00 MB reserved,      55.75 MB (>99%) committed 
      Class space:        1.00 GB reserved,       8.52 MB ( <1%) committed 
             Both:        1.05 GB reserved,      64.27 MB (  6%) committed 

Chunk freelists:
   Non-Class:  18.00 KB
       Class:  18.00 KB
        Both:  36.00 KB

MaxMetaspaceSize: 17179869184.00 GB
CompressedClassSpaceSize: 1.00 GB

CodeHeap 'non-profiled nmethods': size=120064Kb used=3695Kb max_used=3695Kb free=116368Kb
 bounds [0x0000018abde90000, 0x0000018abe230000, 0x0000018ac53d0000]
CodeHeap 'profiled nmethods': size=120000Kb used=13588Kb max_used=13588Kb free=106411Kb
 bounds [0x0000018ab6960000, 0x0000018ab76b0000, 0x0000018abde90000]
CodeHeap 'non-nmethods': size=5696Kb used=2255Kb max_used=2299Kb free=3440Kb
 bounds [0x0000018ab63d0000, 0x0000018ab6640000, 0x0000018ab6960000]
 total_blobs=7195 nmethods=6349 adapters=757
 compilation: enabled
              stopped_count=0, restarted_count=0
 full_count=0

Compilation events (20 events):
Event: 21.336 Thread 0x0000018accc03800 nmethod 6339 0x0000018ab768f590 code [0x0000018ab768f740, 0x0000018ab768f938]
Event: 21.336 Thread 0x0000018accc03800 6340       3       org.objectweb.asm.ByteVector::putByteArray (49 bytes)
Event: 21.336 Thread 0x0000018accc03800 nmethod 6340 0x0000018ab768fa90 code [0x0000018ab768fc60, 0x0000018ab768ff18]
Event: 21.341 Thread 0x0000018accc03800 6341       1       kotlin.reflect.jvm.internal.KClassImpl::getJClass (5 bytes)
Event: 21.342 Thread 0x0000018accc03800 nmethod 6341 0x0000018abe21e190 code [0x0000018abe21e340, 0x0000018abe21e3f8]
Event: 21.382 Thread 0x0000018accc03800 6342       3       org.objectweb.asm.Type::getSort (19 bytes)
Event: 21.383 Thread 0x0000018accc03800 nmethod 6342 0x0000018ab7690010 code [0x0000018ab76901c0, 0x0000018ab7690318]
Event: 21.383 Thread 0x0000018accc03800 6343       3       jdk.internal.reflect.AccessorGenerator::getClassName (184 bytes)
Event: 21.385 Thread 0x0000018accc03800 nmethod 6343 0x0000018ab7690390 code [0x0000018ab76907a0, 0x0000018ab7691f88]
Event: 21.393 Thread 0x0000018accc03800 6345       3       org.objectweb.asm.Frame::accept (264 bytes)
Event: 21.394 Thread 0x0000018accc03800 nmethod 6345 0x0000018ab7692690 code [0x0000018ab76928c0, 0x0000018ab76931d8]
Event: 21.400 Thread 0x0000018accc03800 6347       3       org.objectweb.asm.ByteVector::put122 (93 bytes)
Event: 21.401 Thread 0x0000018accc03800 nmethod 6347 0x0000018ab7693590 code [0x0000018ab7693760, 0x0000018ab76939e8]
Event: 21.401 Thread 0x0000018accc03800 6348       3       org.objectweb.asm.Frame::pop (53 bytes)
Event: 21.402 Thread 0x0000018accc03800 nmethod 6348 0x0000018ab7693b90 code [0x0000018ab7693de0, 0x0000018ab7694578]
Event: 21.408 Thread 0x0000018accc03800 6349       1       com.android.build.gradle.internal.dsl.decorator.DslDecorator$ManagedProperty::getAccess (5 bytes)
Event: 21.408 Thread 0x0000018accc03800 nmethod 6349 0x0000018abe21e490 code [0x0000018abe21e640, 0x0000018abe21e6f8]
Event: 21.408 Thread 0x0000018accc03800 6350       3       org.objectweb.asm.MethodWriter::endCurrentBasicBlockWithNoSuccessor (94 bytes)
Event: 21.409 Thread 0x0000018accc03800 nmethod 6350 0x0000018ab7694890 code [0x0000018ab7694aa0, 0x0000018ab76950e8]
Event: 21.409 Thread 0x0000018accc03800 6351       3       java.util.Collections$SingletonSet::iterator (8 bytes)

GC Heap History (20 events):
Event: 2.038 GC heap before
{Heap before GC invocations=1 (full 0):
 garbage-first heap   total 131072K, used 19024K [0x0000000080000000, 0x0000000100000000)
  region size 1024K, 13 young (13312K), 2 survivors (2048K)
 Metaspace       used 9896K, capacity 10122K, committed 10368K, reserved 1058816K
  class space    used 1028K, capacity 1102K, committed 1152K, reserved 1048576K
}
Event: 2.043 GC heap after
{Heap after GC invocations=2 (full 0):
 garbage-first heap   total 131072K, used 9712K [0x0000000080000000, 0x0000000100000000)
  region size 1024K, 2 young (2048K), 2 survivors (2048K)
 Metaspace       used 9896K, capacity 10122K, committed 10368K, reserved 1058816K
  class space    used 1028K, capacity 1102K, committed 1152K, reserved 1048576K
}
Event: 3.083 GC heap before
{Heap before GC invocations=2 (full 0):
 garbage-first heap   total 131072K, used 38384K [0x0000000080000000, 0x0000000100000000)
  region size 1024K, 29 young (29696K), 2 survivors (2048K)
 Metaspace       used 10857K, capacity 11077K, committed 11264K, reserved 1058816K
  class space    used 1131K, capacity 1207K, committed 1280K, reserved 1048576K
}
Event: 3.087 GC heap after
{Heap after GC invocations=3 (full 0):
 garbage-first heap   total 131072K, used 12037K [0x0000000080000000, 0x0000000100000000)
  region size 1024K, 3 young (3072K), 3 survivors (3072K)
 Metaspace       used 10857K, capacity 11077K, committed 11264K, reserved 1058816K
  class space    used 1131K, capacity 1207K, committed 1280K, reserved 1048576K
}
Event: 6.085 GC heap before
{Heap before GC invocations=3 (full 0):
 garbage-first heap   total 131072K, used 51973K [0x0000000080000000, 0x0000000100000000)
  region size 1024K, 43 young (44032K), 3 survivors (3072K)
 Metaspace       used 17397K, capacity 17738K, committed 17792K, reserved 1064960K
  class space    used 2039K, capacity 2153K, committed 2176K, reserved 1048576K
}
Event: 6.124 GC heap after
{Heap after GC invocations=4 (full 0):
 garbage-first heap   total 131072K, used 16407K [0x0000000080000000, 0x0000000100000000)
  region size 1024K, 6 young (6144K), 6 survivors (6144K)
 Metaspace       used 17397K, capacity 17738K, committed 17792K, reserved 1064960K
  class space    used 2039K, capacity 2153K, committed 2176K, reserved 1048576K
}
Event: 6.813 GC heap before
{Heap before GC invocations=4 (full 0):
 garbage-first heap   total 131072K, used 44055K [0x0000000080000000, 0x0000000100000000)
  region size 1024K, 35 young (35840K), 6 survivors (6144K)
 Metaspace       used 20701K, capacity 21077K, committed 21248K, reserved 1067008K
  class space    used 2540K, capacity 2691K, committed 2816K, reserved 1048576K
}
Event: 6.828 GC heap after
{Heap after GC invocations=5 (full 0):
 garbage-first heap   total 131072K, used 17502K [0x0000000080000000, 0x0000000100000000)
  region size 1024K, 2 young (2048K), 2 survivors (2048K)
 Metaspace       used 20701K, capacity 21077K, committed 21248K, reserved 1067008K
  class space    used 2540K, capacity 2691K, committed 2816K, reserved 1048576K
}
Event: 8.430 GC heap before
{Heap before GC invocations=6 (full 0):
 garbage-first heap   total 131072K, used 66654K [0x0000000080000000, 0x0000000100000000)
  region size 1024K, 50 young (51200K), 2 survivors (2048K)
 Metaspace       used 25758K, capacity 26303K, committed 26368K, reserved 1073152K
  class space    used 3357K, capacity 3546K, committed 3584K, reserved 1048576K
}
Event: 8.438 GC heap after
{Heap after GC invocations=7 (full 0):
 garbage-first heap   total 131072K, used 19200K [0x0000000080000000, 0x0000000100000000)
  region size 1024K, 3 young (3072K), 3 survivors (3072K)
 Metaspace       used 25758K, capacity 26303K, committed 26368K, reserved 1073152K
  class space    used 3357K, capacity 3546K, committed 3584K, reserved 1048576K
}
Event: 10.632 GC heap before
{Heap before GC invocations=7 (full 0):
 garbage-first heap   total 131072K, used 82688K [0x0000000080000000, 0x0000000100000000)
  region size 1024K, 66 young (67584K), 3 survivors (3072K)
 Metaspace       used 35045K, capacity 35793K, committed 35840K, reserved 1081344K
  class space    used 4552K, capacity 4863K, committed 4864K, reserved 1048576K
}
Event: 10.651 GC heap after
{Heap after GC invocations=8 (full 0):
 garbage-first heap   total 131072K, used 22878K [0x0000000080000000, 0x0000000100000000)
  region size 1024K, 7 young (7168K), 7 survivors (7168K)
 Metaspace       used 35045K, capacity 35793K, committed 35840K, reserved 1081344K
  class space    used 4552K, capacity 4863K, committed 4864K, reserved 1048576K
}
Event: 12.908 GC heap before
{Heap before GC invocations=9 (full 0):
 garbage-first heap   total 131072K, used 90462K [0x0000000080000000, 0x0000000100000000)
  region size 1024K, 71 young (72704K), 7 survivors (7168K)
 Metaspace       used 40083K, capacity 41025K, committed 41164K, reserved 1085440K
  class space    used 5112K, capacity 5471K, committed 5580K, reserved 1048576K
}
Event: 12.933 GC heap after
{Heap after GC invocations=10 (full 0):
 garbage-first heap   total 157696K, used 29143K [0x0000000080000000, 0x0000000100000000)
  region size 1024K, 9 young (9216K), 9 survivors (9216K)
 Metaspace       used 40083K, capacity 41025K, committed 41164K, reserved 1085440K
  class space    used 5112K, capacity 5471K, committed 5580K, reserved 1048576K
}
Event: 15.118 GC heap before
{Heap before GC invocations=10 (full 0):
 garbage-first heap   total 157696K, used 103895K [0x0000000080000000, 0x0000000100000000)
  region size 1024K, 82 young (83968K), 9 survivors (9216K)
 Metaspace       used 46359K, capacity 47428K, committed 47564K, reserved 1091584K
  class space    used 5956K, capacity 6339K, committed 6348K, reserved 1048576K
}
Event: 15.138 GC heap after
{Heap after GC invocations=11 (full 0):
 garbage-first heap   total 157696K, used 31103K [0x0000000080000000, 0x0000000100000000)
  region size 1024K, 8 young (8192K), 8 survivors (8192K)
 Metaspace       used 46359K, capacity 47428K, committed 47564K, reserved 1091584K
  class space    used 5956K, capacity 6339K, committed 6348K, reserved 1048576K
}
Event: 18.225 GC heap before
{Heap before GC invocations=11 (full 0):
 garbage-first heap   total 157696K, used 119167K [0x0000000080000000, 0x0000000100000000)
  region size 1024K, 90 young (92160K), 8 survivors (8192K)
 Metaspace       used 51916K, capacity 53262K, committed 53452K, reserved 1095680K
  class space    used 6604K, capacity 7090K, committed 7116K, reserved 1048576K
}
Event: 18.251 GC heap after
{Heap after GC invocations=12 (full 0):
 garbage-first heap   total 157696K, used 46388K [0x0000000080000000, 0x0000000100000000)
  region size 1024K, 12 young (12288K), 12 survivors (12288K)
 Metaspace       used 51916K, capacity 53262K, committed 53452K, reserved 1095680K
  class space    used 6604K, capacity 7090K, committed 7116K, reserved 1048576K
}
Event: 19.833 GC heap before
{Heap before GC invocations=12 (full 0):
 garbage-first heap   total 157696K, used 93492K [0x0000000080000000, 0x0000000100000000)
  region size 1024K, 59 young (60416K), 12 survivors (12288K)
 Metaspace       used 58746K, capacity 60153K, committed 60236K, reserved 1101824K
  class space    used 7416K, capacity 7954K, committed 8012K, reserved 1048576K
}
Event: 19.869 GC heap after
{Heap after GC invocations=13 (full 0):
 garbage-first heap   total 157696K, used 49278K [0x0000000080000000, 0x0000000100000000)
  region size 1024K, 3 young (3072K), 3 survivors (3072K)
 Metaspace       used 58746K, capacity 60153K, committed 60236K, reserved 1101824K
  class space    used 7416K, capacity 7954K, committed 8012K, reserved 1048576K
}

Deoptimization events (20 events):
Event: 20.582 Thread 0x0000018aced6a800 DEOPT PACKING pc=0x0000018ab75ffe5d sp=0x000000745cff39f0
Event: 20.582 Thread 0x0000018aced6a800 DEOPT UNPACKING pc=0x0000018ab63f6dde sp=0x000000745cff2ea8 mode 0
Event: 20.583 Thread 0x0000018aced6a800 DEOPT PACKING pc=0x0000018ab75ffe5d sp=0x000000745cff39f0
Event: 20.583 Thread 0x0000018aced6a800 DEOPT UNPACKING pc=0x0000018ab63f6dde sp=0x000000745cff2ea8 mode 0
Event: 20.585 Thread 0x0000018aced6a800 Uncommon trap: trap_request=0xffffff4d fr.pc=0x0000018abe17f8bc relative=0x000000000000009c
Event: 20.585 Thread 0x0000018aced6a800 Uncommon trap: reason=unstable_if action=reinterpret pc=0x0000018abe17f8bc method=java.security.CodeSource.matchCerts(Ljava/security/CodeSource;Z)Z @ 11 c2
Event: 20.585 Thread 0x0000018aced6a800 DEOPT PACKING pc=0x0000018abe17f8bc sp=0x000000745cff0980
Event: 20.585 Thread 0x0000018aced6a800 DEOPT UNPACKING pc=0x0000018ab63f662f sp=0x000000745cff0918 mode 2
Event: 21.245 Thread 0x0000018aced6a800 Uncommon trap: trap_request=0xffffffc6 fr.pc=0x0000018abe062550 relative=0x0000000000003bb0
Event: 21.245 Thread 0x0000018aced6a800 Uncommon trap: reason=bimorphic_or_optimized_type_check action=maybe_recompile pc=0x0000018abe062550 method=java.util.AbstractCollection.addAll(Ljava/util/Collection;)Z @ 29 c2
Event: 21.245 Thread 0x0000018aced6a800 DEOPT PACKING pc=0x0000018abe062550 sp=0x000000745cff5930
Event: 21.245 Thread 0x0000018aced6a800 DEOPT UNPACKING pc=0x0000018ab63f662f sp=0x000000745cff5930 mode 2
Event: 21.245 Thread 0x0000018aced6a800 Uncommon trap: trap_request=0xffffffc6 fr.pc=0x0000018abe062550 relative=0x0000000000003bb0
Event: 21.245 Thread 0x0000018aced6a800 Uncommon trap: reason=bimorphic_or_optimized_type_check action=maybe_recompile pc=0x0000018abe062550 method=java.util.AbstractCollection.addAll(Ljava/util/Collection;)Z @ 29 c2
Event: 21.245 Thread 0x0000018aced6a800 DEOPT PACKING pc=0x0000018abe062550 sp=0x000000745cff5930
Event: 21.245 Thread 0x0000018aced6a800 DEOPT UNPACKING pc=0x0000018ab63f662f sp=0x000000745cff5930 mode 2
Event: 21.263 Thread 0x0000018aced6a800 Uncommon trap: trap_request=0xffffffc6 fr.pc=0x0000018abe062550 relative=0x0000000000003bb0
Event: 21.263 Thread 0x0000018aced6a800 Uncommon trap: reason=bimorphic_or_optimized_type_check action=maybe_recompile pc=0x0000018abe062550 method=java.util.AbstractCollection.addAll(Ljava/util/Collection;)Z @ 29 c2
Event: 21.263 Thread 0x0000018aced6a800 DEOPT PACKING pc=0x0000018abe062550 sp=0x000000745cff65d0
Event: 21.263 Thread 0x0000018aced6a800 DEOPT UNPACKING pc=0x0000018ab63f662f sp=0x000000745cff65d0 mode 2

Classes redefined (0 events):
No events

Internal exceptions (20 events):
Event: 17.468 Thread 0x0000018aceff5000 Exception <a 'java/lang/NoSuchMethodError'{0x000000008609d6b8}: <clinit>> (0x000000008609d6b8) thrown at [./src/hotspot/share/prims/jni.cpp, line 1362]
Event: 17.475 Thread 0x0000018aceff5000 Exception <a 'java/lang/NoSuchMethodError'{0x00000000860afa68}: <clinit>> (0x00000000860afa68) thrown at [./src/hotspot/share/prims/jni.cpp, line 1362]
Event: 17.478 Thread 0x0000018aceff5000 Exception <a 'java/lang/NoSuchMethodError'{0x00000000860ba000}: <clinit>> (0x00000000860ba000) thrown at [./src/hotspot/share/prims/jni.cpp, line 1362]
Event: 17.483 Thread 0x0000018aceff5000 Exception <a 'java/lang/NoSuchMethodError'{0x00000000860cdb90}: <clinit>> (0x00000000860cdb90) thrown at [./src/hotspot/share/prims/jni.cpp, line 1362]
Event: 17.491 Thread 0x0000018aced6a800 Exception <a 'java/lang/ClassNotFoundException'{0x0000000085f3a7f0}: build_1os03ea5mr5d24h2yvir3km8aBeanInfo> (0x0000000085f3a7f0) thrown at [./src/hotspot/share/classfile/systemDictionary.cpp, line 231]
Event: 17.491 Thread 0x0000018aced6a800 Exception <a 'java/lang/ClassNotFoundException'{0x0000000085f457a8}: build_1os03ea5mr5d24h2yvir3km8aCustomizer> (0x0000000085f457a8) thrown at [./src/hotspot/share/classfile/systemDictionary.cpp, line 231]
Event: 17.553 Thread 0x0000018aced6a800 Exception <a 'java/lang/ClassNotFoundException'{0x0000000085d11678}: org/gradle/api/internal/plugins/DefaultObjectConfigurationActionBeanInfo> (0x0000000085d11678) thrown at [./src/hotspot/share/classfile/systemDictionary.cpp, line 231]
Event: 17.555 Thread 0x0000018aced6a800 Exception <a 'java/lang/ClassNotFoundException'{0x0000000085d46918}: org/gradle/api/internal/plugins/DefaultObjectConfigurationActionCustomizer> (0x0000000085d46918) thrown at [./src/hotspot/share/classfile/systemDictionary.cpp, line 231]
Event: 17.839 Thread 0x0000018aced6a800 Exception <a 'java/lang/NoSuchMethodError'{0x0000000085369fd0}: 'java.lang.Object java.lang.invoke.DirectMethodHandle$Holder.invokeStatic(java.lang.Object, java.lang.Object, java.lang.Object, java.lang.Object, int)'> (0x0000000085369fd0) thrown at [./src/hotspot/share/interpreter/linkResolver.cpp, line 773]
Event: 17.843 Thread 0x0000018aced6a800 Exception <a 'java/lang/NoSuchMethodError'{0x000000008536e9c8}: 'java.lang.Object java.lang.invoke.DirectMethodHandle$Holder.invokeSpecial(java.lang.Object, java.lang.Object, java.lang.Object, java.lang.Object, java.lang.Object, int)'> (0x000000008536e9c8) thrown at [./src/hotspot/share/interpreter/linkResolver.cpp, line 773]
Event: 17.844 Thread 0x0000018aced6a800 Exception <a 'java/lang/NoSuchMethodError'{0x0000000085373008}: 'java.lang.Object java.lang.invoke.Invokers$Holder.linkToTargetMethod(java.lang.Object, java.lang.Object, java.lang.Object, int, java.lang.Object)'> (0x0000000085373008) thrown at [./src/hotspot/share/interpreter/linkResolver.cpp, line 773]
Event: 18.331 Thread 0x0000018aced6a800 Exception <a 'java/lang/NoSuchMethodError'{0x0000000089753160}: 'java.lang.Object java.lang.invoke.DirectMethodHandle$Holder.invokeSpecial(java.lang.Object, java.lang.Object, int, int, java.lang.Object, java.lang.Object, java.lang.Object)'> (0x0000000089753160) thrown at [./src/hotspot/share/interpreter/linkResolver.cpp, line 773]
Event: 18.332 Thread 0x0000018aced6a800 Exception <a 'java/lang/NoSuchMethodError'{0x00000000897576e0}: 'java.lang.Object java.lang.invoke.DelegatingMethodHandle$Holder.reinvoke_L(java.lang.Object, int, int, java.lang.Object, java.lang.Object, java.lang.Object)'> (0x00000000897576e0) thrown at [./src/hotspot/share/interpreter/linkResolver.cpp, line 773]
Event: 18.816 Thread 0x0000018aced6a800 Exception <a 'java/lang/NoSuchMethodError'{0x0000000088a37d60}: 'int java.lang.invoke.DirectMethodHandle$Holder.invokeInterface(java.lang.Object, java.lang.Object, java.lang.Object, java.lang.Object)'> (0x0000000088a37d60) thrown at [./src/hotspot/share/interpreter/linkResolver.cpp, line 773]
Event: 19.611 Thread 0x0000018aced6a800 Exception <a 'java/lang/NoSuchMethodError'{0x00000000874b49e8}: 'void java.lang.invoke.DirectMethodHandle$Holder.invokeInterface(java.lang.Object, java.lang.Object, java.lang.Object, java.lang.Object)'> (0x00000000874b49e8) thrown at [./src/hotspot/share/interpreter/linkResolver.cpp, line 773]
Event: 19.886 Thread 0x0000018aced6a800 Exception <a 'java/lang/IncompatibleClassChangeError'{0x000000008990ceb8}: Found class java.lang.Object, but interface was expected> (0x000000008990ceb8) thrown at [./src/hotspot/share/interpreter/linkResolver.cpp, line 839]
Event: 20.041 Thread 0x0000018aced6a800 Implicit null exception at 0x0000018abe1822d4 to 0x0000018abe1824b8
Event: 20.209 Thread 0x0000018aced6a800 Implicit null exception at 0x0000018abe00990b to 0x0000018abe0099e4
Event: 20.314 Thread 0x0000018aced6a800 Implicit null exception at 0x0000018abe002c2c to 0x0000018abe002dda
Event: 20.668 Thread 0x0000018aced6a800 Exception <a 'sun/nio/fs/WindowsException'{0x00000000883cc738}> (0x00000000883cc738) thrown at [./src/hotspot/share/prims/jni.cpp, line 615]

Events (20 events):
Event: 21.339 loading class java/security/KeyStore
Event: 21.339 loading class java/security/KeyStore done
Event: 21.339 loading class java/security/KeyStore$1
Event: 21.340 loading class java/security/KeyStore$1 done
Event: 21.340 loading class com/android/build/gradle/internal/dsl/BundleOptionsTexture$AgpDecorated
Event: 21.340 loading class com/android/build/gradle/internal/dsl/BundleOptionsTexture$AgpDecorated done
Event: 21.381 loading class com/android/build/gradle/internal/dsl/BundleOptionsDeviceTier$AgpDecorated
Event: 21.381 loading class com/android/build/gradle/internal/dsl/BundleOptionsDeviceTier$AgpDecorated done
Event: 21.388 loading class com/android/build/gradle/internal/dsl/BundleOptionsDensity$AgpDecorated
Event: 21.388 loading class com/android/build/gradle/internal/dsl/BundleOptionsDensity$AgpDecorated done
Event: 21.392 loading class com/android/build/gradle/internal/dsl/BundleOptionsAbi$AgpDecorated
Event: 21.392 loading class com/android/build/gradle/internal/dsl/BundleOptionsAbi$AgpDecorated done
Event: 21.397 loading class com/android/build/gradle/internal/dsl/ApplicationPublishingImpl$AgpDecorated
Event: 21.397 loading class com/android/build/gradle/internal/dsl/ApplicationPublishingImpl$AgpDecorated done
Event: 21.398 loading class com/android/build/api/dsl/SingleVariant
Event: 21.398 loading class com/android/build/api/dsl/SingleVariant done
Event: 21.399 loading class com/android/build/api/dsl/PublishingOptions
Event: 21.399 loading class com/android/build/api/dsl/PublishingOptions done
Event: 21.405 loading class com/android/build/gradle/internal/dsl/AaptOptions$AgpDecorated
Event: 21.405 loading class com/android/build/gradle/internal/dsl/AaptOptions$AgpDecorated done


Dynamic libraries:
0x00007ff74c330000 - 0x00007ff74c33a000 	C:\Program Files\Android\Android Studio\jre\bin\java.exe
0x00007ffeec130000 - 0x00007ffeec324000 	C:\WINDOWS\SYSTEM32\ntdll.dll
0x00007ffeeac90000 - 0x00007ffeead4d000 	C:\WINDOWS\System32\KERNEL32.DLL
0x00007ffee9c10000 - 0x00007ffee9ed7000 	C:\WINDOWS\System32\KERNELBASE.dll
0x00007ffeea000000 - 0x00007ffeea100000 	C:\WINDOWS\System32\ucrtbase.dll
0x00007ffed5460000 - 0x00007ffed5479000 	C:\Program Files\Android\Android Studio\jre\bin\jli.dll
0x00007ffeeb970000 - 0x00007ffeebb10000 	C:\WINDOWS\System32\USER32.dll
0x00007ffee9870000 - 0x00007ffee9892000 	C:\WINDOWS\System32\win32u.dll
0x00007ffeebfe0000 - 0x00007ffeec00a000 	C:\WINDOWS\System32\GDI32.dll
0x00007ffee9b00000 - 0x00007ffee9c0a000 	C:\WINDOWS\System32\gdi32full.dll
0x00007ffee9f60000 - 0x00007ffee9ffd000 	C:\WINDOWS\System32\msvcp_win.dll
0x00007ffec3540000 - 0x00007ffec3557000 	C:\Program Files\Android\Android Studio\jre\bin\VCRUNTIME140.dll
0x00007ffedcd30000 - 0x00007ffedcfca000 	C:\WINDOWS\WinSxS\amd64_microsoft.windows.common-controls_6595b64144ccf1df_6.0.19041.1_none_b555e41d4684ddec\COMCTL32.dll
0x00007ffeeb840000 - 0x00007ffeeb8de000 	C:\WINDOWS\System32\msvcrt.dll
0x00007ffeeae50000 - 0x00007ffeeae80000 	C:\WINDOWS\System32\IMM32.DLL
0x00007ffebe180000 - 0x00007ffebe21d000 	C:\Program Files\Android\Android Studio\jre\bin\msvcp140.dll
0x00007ffeaba40000 - 0x00007ffeac515000 	C:\Program Files\Android\Android Studio\jre\bin\server\jvm.dll
0x00007ffeeb790000 - 0x00007ffeeb83a000 	C:\WINDOWS\System32\ADVAPI32.dll
0x00007ffeeadb0000 - 0x00007ffeeae4b000 	C:\WINDOWS\System32\sechost.dll
0x00007ffeeaab0000 - 0x00007ffeeabd3000 	C:\WINDOWS\System32\RPCRT4.dll
0x00007ffeeb720000 - 0x00007ffeeb728000 	C:\WINDOWS\System32\PSAPI.DLL
0x00007ffed4ac0000 - 0x00007ffed4ac9000 	C:\WINDOWS\SYSTEM32\WSOCK32.dll
0x00007ffeebde0000 - 0x00007ffeebe4b000 	C:\WINDOWS\System32\WS2_32.dll
0x00007ffedcfd0000 - 0x00007ffedcff7000 	C:\WINDOWS\SYSTEM32\WINMM.dll
0x00007ffedd000000 - 0x00007ffedd00a000 	C:\WINDOWS\SYSTEM32\VERSION.dll
0x00007ffee77c0000 - 0x00007ffee77d3000 	C:\WINDOWS\SYSTEM32\kernel.appcore.dll
0x00007ffec5540000 - 0x00007ffec5551000 	C:\Program Files\Android\Android Studio\jre\bin\verify.dll
0x00007ffed4f00000 - 0x00007ffed50e4000 	C:\WINDOWS\SYSTEM32\DBGHELP.DLL
0x00007ffed4ec0000 - 0x00007ffed4eec000 	C:\WINDOWS\SYSTEM32\dbgcore.DLL
0x00007ffee9ee0000 - 0x00007ffee9f5f000 	C:\WINDOWS\System32\bcryptPrimitives.dll
0x00007ffec5510000 - 0x00007ffec5539000 	C:\Program Files\Android\Android Studio\jre\bin\java.dll
0x00007ffec54d0000 - 0x00007ffec54db000 	C:\Program Files\Android\Android Studio\jre\bin\jimage.dll
0x00007ffebe380000 - 0x00007ffebe398000 	C:\Program Files\Android\Android Studio\jre\bin\zip.dll
0x00007ffeea190000 - 0x00007ffeea8c1000 	C:\WINDOWS\System32\SHELL32.dll
0x00007ffee79c0000 - 0x00007ffee814a000 	C:\WINDOWS\SYSTEM32\windows.storage.dll
0x00007ffeeaf40000 - 0x00007ffeeb294000 	C:\WINDOWS\System32\combase.dll
0x00007ffee9220000 - 0x00007ffee924b000 	C:\WINDOWS\SYSTEM32\Wldp.dll
0x00007ffeeabe0000 - 0x00007ffeeac8e000 	C:\WINDOWS\System32\SHCORE.dll
0x00007ffeeaee0000 - 0x00007ffeeaf35000 	C:\WINDOWS\System32\shlwapi.dll
0x00007ffee97b0000 - 0x00007ffee97cf000 	C:\WINDOWS\SYSTEM32\profapi.dll
0x00007ffebe360000 - 0x00007ffebe37a000 	C:\Program Files\Android\Android Studio\jre\bin\net.dll
0x00007ffedfaa0000 - 0x00007ffedfba2000 	C:\WINDOWS\SYSTEM32\WINHTTP.dll
0x00007ffee9010000 - 0x00007ffee907a000 	C:\WINDOWS\system32\mswsock.dll
0x00007ffebc790000 - 0x00007ffebc7a4000 	C:\Program Files\Android\Android Studio\jre\bin\nio.dll
0x00007ffebe8e0000 - 0x00007ffebe907000 	C:\Users\Admin\.gradle\native\e1d6ef7f7dcc3fd88c89a11ec53ec762bb8ba0a96d01ffa2cd45eb1d1d8dd5c5\windows-amd64\native-platform.dll
0x00007ffebe030000 - 0x00007ffebe174000 	C:\Users\Admin\.gradle\native\5664cfc778a61ccfe75a443a1ab52a65af34e5dc3c78e0209fed803814484fcb\windows-amd64\native-platform-file-events.dll
0x00007ffec51a0000 - 0x00007ffec51aa000 	C:\Program Files\Android\Android Studio\jre\bin\management.dll
0x00007ffec2ed0000 - 0x00007ffec2edd000 	C:\Program Files\Android\Android Studio\jre\bin\management_ext.dll
0x00007ffee9550000 - 0x00007ffee9568000 	C:\WINDOWS\SYSTEM32\CRYPTSP.dll
0x00007ffee8950000 - 0x00007ffee8984000 	C:\WINDOWS\system32\rsaenh.dll
0x00007ffeea100000 - 0x00007ffeea127000 	C:\WINDOWS\System32\bcrypt.dll
0x00007ffee9770000 - 0x00007ffee979e000 	C:\WINDOWS\SYSTEM32\USERENV.dll
0x00007ffee9190000 - 0x00007ffee919c000 	C:\WINDOWS\SYSTEM32\CRYPTBASE.dll
0x00007ffee8cd0000 - 0x00007ffee8d0b000 	C:\WINDOWS\SYSTEM32\IPHLPAPI.DLL
0x00007ffeeb710000 - 0x00007ffeeb719000 	C:\WINDOWS\System32\NSI.dll
0x00007ffedf730000 - 0x00007ffedf747000 	C:\WINDOWS\SYSTEM32\dhcpcsvc6.DLL
0x00007ffedfcd0000 - 0x00007ffedfced000 	C:\WINDOWS\SYSTEM32\dhcpcsvc.DLL
0x00007ffee8d20000 - 0x00007ffee8dea000 	C:\WINDOWS\SYSTEM32\DNSAPI.dll

dbghelp: loaded successfully - version: 4.0.5 - missing functions: none
symbol engine: initialized successfully - sym options: 0x614 - pdb path: .;C:\Program Files\Android\Android Studio\jre\bin;C:\WINDOWS\SYSTEM32;C:\WINDOWS\WinSxS\amd64_microsoft.windows.common-controls_6595b64144ccf1df_6.0.19041.1_none_b555e41d4684ddec;C:\Program Files\Android\Android Studio\jre\bin\server;C:\Users\Admin\.gradle\native\e1d6ef7f7dcc3fd88c89a11ec53ec762bb8ba0a96d01ffa2cd45eb1d1d8dd5c5\windows-amd64;C:\Users\Admin\.gradle\native\5664cfc778a61ccfe75a443a1ab52a65af34e5dc3c78e0209fed803814484fcb\windows-amd64

VM Arguments:
jvm_args: --add-opens=java.base/java.util=ALL-UNNAMED --add-opens=java.base/java.lang=ALL-UNNAMED --add-opens=java.base/java.lang.invoke=ALL-UNNAMED --add-opens=java.base/java.util=ALL-UNNAMED --add-opens=java.prefs/java.util.prefs=ALL-UNNAMED --add-opens=java.prefs/java.util.prefs=ALL-UNNAMED --add-opens=java.base/java.nio.charset=ALL-UNNAMED --add-opens=java.base/java.net=ALL-UNNAMED --add-opens=java.base/java.util.concurrent.atomic=ALL-UNNAMED -Xmx2048m -Dfile.encoding=UTF-8 -Duser.country=US -Duser.language=en -Duser.variant 
java_command: org.gradle.launcher.daemon.bootstrap.GradleDaemon 7.2
java_class_path (initial): C:\Users\Admin\.gradle\wrapper\dists\gradle-7.2-bin\2dnblmf4td7x66yl1d74lt32g\gradle-7.2\lib\gradle-launcher-7.2.jar
Launcher Type: SUN_STANDARD

[Global flags]
     intx CICompilerCount                          = 3                                         {product} {ergonomic}
     uint ConcGCThreads                            = 1                                         {product} {ergonomic}
     uint G1ConcRefinementThreads                  = 4                                         {product} {ergonomic}
   size_t G1HeapRegionSize                         = 1048576                                   {product} {ergonomic}
    uintx GCDrainStackTargetSize                   = 64                                        {product} {ergonomic}
   size_t InitialHeapSize                          = 134217728                                 {product} {ergonomic}
   size_t MarkStackSize                            = 4194304                                   {product} {ergonomic}
   size_t MaxHeapSize                              = 2147483648                                {product} {command line}
   size_t MaxNewSize                               = 1287651328                                {product} {ergonomic}
   size_t MinHeapDeltaBytes                        = 1048576                                   {product} {ergonomic}
    uintx NonNMethodCodeHeapSize                   = 5830732                                {pd product} {ergonomic}
    uintx NonProfiledCodeHeapSize                  = 122913754                              {pd product} {ergonomic}
    uintx ProfiledCodeHeapSize                     = 122913754                              {pd product} {ergonomic}
    uintx ReservedCodeCacheSize                    = 251658240                              {pd product} {ergonomic}
     bool SegmentedCodeCache                       = true                                      {product} {ergonomic}
     bool UseCompressedClassPointers               = true                                 {lp64_product} {ergonomic}
     bool UseCompressedOops                        = true                                 {lp64_product} {ergonomic}
     bool UseG1GC                                  = true                                      {product} {ergonomic}
     bool UseLargePagesIndividualAllocation        = false                                  {pd product} {ergonomic}

Logging:
Log output configuration:
 #0: stdout all=warning uptime,level,tags
 #1: stderr all=off uptime,level,tags

Environment Variables:
PATH=C:\Program Files\Common Files\Oracle\Java\javapath;C:\WINDOWS\system32;C:\WINDOWS;C:\WINDOWS\System32\Wbem;C:\WINDOWS\System32\WindowsPowerShell\v1.0\;C:\WINDOWS\System32\OpenSSH\;C:\MinGW\bin;C:\Program Files\Git\cmd;C:\Users\Admin\AppData\Local\Microsoft\WindowsApps;;C:\Program Files\JetBrains\IntelliJ IDEA Community Edition 2021.3.1\bin;;C:\intelFPGA_lite\18.1\modelsim_ase\win32aloem;C:\Users\Admin\AppData\Local\Programs\Microsoft VS Code\bin
USERNAME=Admin
OS=Windows_NT
PROCESSOR_IDENTIFIER=Intel64 Family 6 Model 69 Stepping 1, GenuineIntel



---------------  S Y S T E M  ---------------

OS: Windows 10 , 64 bit Build 19041 (10.0.19041.1)
OS uptime: 0 days 0:04 hours
Hyper-V role detected

CPU:total 4 (initial active 4) (2 cores per cpu, 2 threads per core) family 6 model 69 stepping 1 microcode 0x25, cmov, cx8, fxsr, mmx, sse, sse2, sse3, ssse3, sse4.1, sse4.2, popcnt, avx, avx2, aes, clmul, erms, lzcnt, ht, tsc, tscinvbit, bmi1, bmi2, fma

Memory: 4k page, system-wide physical 8090M (2747M free)
TotalPageFile size 9434M (AvailPageFile size 4123M)
current process WorkingSet (physical memory assigned to process): 347M, peak: 351M
current process commit charge ("private bytes"): 381M, peak: 385M

vm_info: OpenJDK 64-Bit Server VM (11.0.11+9-b60-7590822) for windows-amd64 JRE (11.0.11+9-b60-7590822), built on Jul 29 2021 21:43:44 by "builder" with MS VC++ 14.0 (VS2015)

END.
